\BOOKMARK [0][-]{chapter.1}{\376\377\000G\000e\000t\000t\000i\000n\000g\000\040\000S\000t\000a\000r\000t\000e\000d}{}% 1
\BOOKMARK [1][-]{section.1.1}{\376\377\000W\000h\000a\000t\000\040\000i\000s\000\040\000M\000V\000F\000t\000o\000o\000l\000s\000?}{chapter.1}% 2
\BOOKMARK [1][-]{section.1.2}{\376\377\000H\000o\000w\000\040\000d\000o\000\040\000I\000\040\000c\000i\000t\000e\000\040\000t\000h\000i\000s\000?}{chapter.1}% 3
\BOOKMARK [1][-]{section.1.3}{\376\377\000I\000n\000s\000t\000a\000l\000l\000a\000t\000i\000o\000n}{chapter.1}% 4
\BOOKMARK [1][-]{section.1.4}{\376\377\000P\000r\000e\000p\000a\000r\000i\000n\000g\000\040\000y\000o\000u\000r\000\040\000d\000a\000t\000a}{chapter.1}% 5
\BOOKMARK [1][-]{section.1.5}{\376\377\000B\000a\000s\000i\000c\000\040\000u\000s\000a\000g\000e\000\040\000e\000x\000a\000m\000p\000l\000e\000s}{chapter.1}% 6
\BOOKMARK [0][-]{chapter.2}{\376\377\000M\000V\000F\000\040\000F\000o\000r\000m\000a\000t\000\040\000S\000p\000e\000c\000i\000f\000i\000c\000a\000t\000i\000o\000n\000\040\000\050\000v\000e\000r\000s\000i\000o\000n\000\040\0001\000.\0002\000\051}{}% 7
\BOOKMARK [1][-]{section.2.1}{\376\377\000M\000V\000F\000\040\000S\000t\000a\000n\000d\000a\000r\000d\000\040\000H\000i\000s\000t\000o\000r\000y}{chapter.2}% 8
\BOOKMARK [1][-]{section.2.2}{\376\377\000M\000V\000F\000\040\000G\000e\000n\000e\000r\000a\000l\000\040\000N\000o\000t\000e\000s\000\040\000a\000n\000d\000\040\000U\000s\000a\000g\000e}{chapter.2}% 9
\BOOKMARK [1][-]{section.2.3}{\376\377\000H\000e\000a\000d\000e\000r\000\040\000S\000p\000e\000c\000i\000f\000i\000c\000a\000t\000i\000o\000n}{chapter.2}% 10
\BOOKMARK [1][-]{section.2.4}{\376\377\000E\000n\000t\000r\000y\000\040\000S\000p\000e\000c\000i\000f\000i\000c\000a\000t\000i\000o\000n}{chapter.2}% 11
\BOOKMARK [1][-]{section.2.5}{\376\377\000C\000h\000a\000r\000a\000c\000t\000e\000r\000\040\000e\000n\000c\000o\000d\000i\000n\000g}{chapter.2}% 12
\BOOKMARK [0][-]{chapter.3}{\376\377\000E\000x\000a\000m\000p\000l\000e\000s\000\040\000o\000f\000\040\000t\000h\000e\000\040\000s\000a\000m\000e\000\040\000d\000a\000t\000a\000\040\000i\000n\000\040\000M\000V\000F\000\040\000F\000o\000r\000m\000a\000t\000\040\000a\000n\000d\000\040\000o\000t\000h\000e\000r\000\040\000f\000o\000r\000m\000a\000t\000s}{}% 13
\BOOKMARK [1][-]{section.3.1}{\376\377\000M\000V\000F\000\040\000F\000o\000r\000m\000a\000t}{chapter.3}% 14
\BOOKMARK [1][-]{section.3.2}{\376\377\000F\000A\000S\000T\000A\000\040\000F\000o\000r\000m\000a\000t}{chapter.3}% 15
\BOOKMARK [1][-]{section.3.3}{\376\377\000V\000C\000F\000\040\000F\000o\000r\000m\000a\000t}{chapter.3}% 16
\BOOKMARK [0][-]{chapter.4}{\376\377\000P\000r\000o\000g\000r\000a\000m\000\040\000P\000a\000r\000a\000m\000e\000t\000e\000r\000\040\000D\000e\000s\000c\000r\000i\000p\000t\000i\000o\000n\000s}{}% 17
\BOOKMARK [1][-]{section.4.1}{\376\377\000A\000n\000n\000o\000t\000a\000t\000e\000M\000V\000F}{chapter.4}% 18
\BOOKMARK [1][-]{section.4.2}{\376\377\000C\000a\000l\000c\000C\000h\000a\000r\000a\000c\000t\000e\000r\000C\000o\000u\000n\000t}{chapter.4}% 19
\BOOKMARK [1][-]{section.4.3}{\376\377\000C\000a\000l\000c\000D\000s\000t\000a\000t\000C\000o\000m\000b\000i\000n\000a\000t\000i\000o\000n\000s}{chapter.4}% 20
\BOOKMARK [1][-]{section.4.4}{\376\377\000C\000a\000l\000c\000P\000a\000i\000r\000w\000i\000s\000e\000D\000i\000s\000t\000a\000n\000c\000e\000s}{chapter.4}% 21
\BOOKMARK [1][-]{section.4.5}{\376\377\000C\000a\000l\000c\000P\000a\000t\000t\000e\000r\000n\000C\000o\000u\000n\000t}{chapter.4}% 22
\BOOKMARK [1][-]{section.4.6}{\376\377\000C\000a\000l\000c\000S\000a\000m\000p\000l\000e\000C\000o\000v\000e\000r\000a\000g\000e}{chapter.4}% 23
\BOOKMARK [1][-]{section.4.7}{\376\377\000C\000o\000n\000c\000a\000t\000e\000n\000a\000t\000e\000M\000V\000F}{chapter.4}% 24
\BOOKMARK [1][-]{section.4.8}{\376\377\000C\000o\000n\000v\000e\000r\000t\000F\000a\000s\000t\000a\0002\000M\000V\000F}{chapter.4}% 25
\BOOKMARK [1][-]{section.4.9}{\376\377\000C\000o\000n\000v\000e\000r\000t\000M\000A\000F\0002\000M\000V\000F}{chapter.4}% 26
\BOOKMARK [1][-]{section.4.10}{\376\377\000C\000o\000n\000v\000e\000r\000t\000M\000V\000F\0002\000F\000a\000s\000t\000a}{chapter.4}% 27
\BOOKMARK [1][-]{section.4.11}{\376\377\000C\000o\000n\000v\000e\000r\000t\000M\000V\000F\0002\000P\000h\000y\000l\000i\000p}{chapter.4}% 28
\BOOKMARK [1][-]{section.4.12}{\376\377\000C\000o\000n\000v\000e\000r\000t\000V\000C\000F\0002\000M\000V\000F}{chapter.4}% 29
\BOOKMARK [1][-]{section.4.13}{\376\377\000F\000i\000l\000t\000e\000r\000M\000V\000F}{chapter.4}% 30
\BOOKMARK [1][-]{section.4.14}{\376\377\000I\000n\000f\000e\000r\000G\000r\000o\000u\000p\000S\000p\000e\000c\000i\000f\000i\000c\000A\000l\000l\000e\000l\000e}{chapter.4}% 31
\BOOKMARK [1][-]{section.4.15}{\376\377\000I\000n\000f\000e\000r\000T\000r\000e\000e}{chapter.4}% 32
\BOOKMARK [1][-]{section.4.16}{\376\377\000M\000e\000r\000g\000e\000M\000V\000F}{chapter.4}% 33
\BOOKMARK [1][-]{section.4.17}{\376\377\000P\000l\000o\000t\000C\000h\000r\000o\000m\000o\000p\000l\000o\000t}{chapter.4}% 34
\BOOKMARK [1][-]{section.4.18}{\376\377\000T\000r\000a\000n\000s\000l\000a\000t\000e\000M\000V\000F}{chapter.4}% 35
\BOOKMARK [1][-]{section.4.19}{\376\377\000V\000e\000r\000i\000f\000y\000M\000V\000F}{chapter.4}% 36
\BOOKMARK [0][-]{chapter.5}{\376\377\000m\000v\000f\000\137\000f\000i\000l\000t\000e\000r\000\040\000m\000o\000d\000u\000l\000e\000s}{}% 37
\BOOKMARK [1][-]{section.5.1}{\376\377\000G\000E\000N\000E\000R\000A\000L\000\040\000N\000O\000T\000E\000S}{chapter.5}% 38
\BOOKMARK [1][-]{section.5.2}{\376\377\000a\000l\000l\000e\000l\000e\000g\000r\000o\000u\000p}{chapter.5}% 39
\BOOKMARK [1][-]{section.5.3}{\376\377\000c\000o\000l\000l\000a\000p\000s\000e\000p\000r\000i\000o\000r\000i\000t\000y}{chapter.5}% 40
\BOOKMARK [1][-]{section.5.4}{\376\377\000c\000o\000l\000l\000a\000p\000s\000e\000m\000e\000r\000g\000e}{chapter.5}% 41
\BOOKMARK [1][-]{section.5.5}{\376\377\000c\000o\000l\000u\000m\000n\000s}{chapter.5}% 42
\BOOKMARK [1][-]{section.5.6}{\376\377\000m\000a\000s\000k\000c\000h\000a\000r}{chapter.5}% 43
\BOOKMARK [1][-]{section.5.7}{\376\377\000m\000a\000s\000k\000l\000o\000w\000e\000r}{chapter.5}% 44
\BOOKMARK [1][-]{section.5.8}{\376\377\000m\000i\000n\000c\000o\000v\000e\000r\000a\000g\000e}{chapter.5}% 45
\BOOKMARK [1][-]{section.5.9}{\376\377\040\034\000n\000o\000t\000c\000h\000a\000r}{chapter.5}% 46
\BOOKMARK [1][-]{section.5.10}{\376\377\000p\000r\000o\000m\000o\000t\000e\000l\000o\000w\000e\000r}{chapter.5}% 47
\BOOKMARK [1][-]{section.5.11}{\376\377\000r\000e\000m\000o\000v\000e\000l\000o\000w\000e\000r}{chapter.5}% 48
\BOOKMARK [1][-]{section.5.12}{\376\377\000r\000e\000m\000o\000v\000e\000c\000h\000a\000r}{chapter.5}% 49
\BOOKMARK [1][-]{section.5.13}{\376\377\000r\000e\000q\000a\000l\000l\000c\000h\000a\000r}{chapter.5}% 50
\BOOKMARK [1][-]{section.5.14}{\376\377\000r\000e\000q\000c\000o\000n\000t\000i\000g}{chapter.5}% 51
\BOOKMARK [1][-]{section.5.15}{\376\377\000r\000e\000q\000i\000n\000f\000o\000r\000m\000a\000t\000i\000v\000e}{chapter.5}% 52
\BOOKMARK [1][-]{section.5.16}{\376\377\000r\000e\000q\000i\000n\000v\000a\000r\000i\000a\000n\000t}{chapter.5}% 53
\BOOKMARK [1][-]{section.5.17}{\376\377\000r\000e\000q\000r\000e\000g\000i\000o\000n}{chapter.5}% 54
\BOOKMARK [1][-]{section.5.18}{\376\377\000r\000e\000q\000o\000n\000e\000c\000h\000a\000r}{chapter.5}% 55
\BOOKMARK [1][-]{section.5.19}{\376\377\000r\000e\000q\000s\000a\000m\000p\000l\000e}{chapter.5}% 56
\BOOKMARK [1][-]{section.5.20}{\376\377\000r\000e\000q\000v\000a\000r\000i\000a\000n\000t}{chapter.5}% 57
\BOOKMARK [1][-]{section.5.21}{\376\377\000r\000e\000q\000n\000o\000n\000r\000e\000f\000s\000a\000m\000p\000l\000e}{chapter.5}% 58
\BOOKMARK [0][-]{chapter.6}{\376\377\000F\000r\000e\000q\000u\000e\000n\000t\000l\000y\000\040\000A\000s\000k\000e\000d\000\040\000Q\000u\000e\000s\000t\000i\000o\000n\000s}{}% 59
\BOOKMARK [0][-]{chapter.7}{\376\377\000V\000e\000r\000s\000i\000o\000n\000\040\000H\000i\000s\000t\000o\000r\000y}{}% 60
\BOOKMARK [0][-]{chapter.8}{\376\377\000L\000i\000c\000e\000n\000s\000e}{}% 61
\BOOKMARK [0][-]{chapter.9}{\376\377\000I\000n\000d\000i\000c\000e\000s\000\040\000a\000n\000d\000\040\000t\000a\000b\000l\000e\000s}{}% 62
